<?xml version="1.0" encoding="UTF-8"?>
<!-- Generated by org.testng.reporters.JUnitXMLReporter -->
<testsuite ignored="0" hostname="LAPTOP-5T9CK8KA" failures="0" tests="18" name="Test" time="126.623" errors="0" timestamp="2025-09-09T15:20:42 IST">
  <testcase classname="tests.LoginTest" name="testValidLoginStandardUser" time="3.321"/>
  <testcase classname="tests.LoginTest" name="testLockedOutUser" time="4.945"/>
  <testcase classname="tests.LoginTest" name="testInvalidCredentials" time="4.959"/>
  <testcase classname="tests.LoginTest" name="testLogoutFunctionality" time="5.429"/>
  <testcase classname="tests.ProductTest" name="testAddProductToCart" time="2.122"/>
  <testcase classname="tests.ProductTest" name="testClickProductDetailsPage" time="2.23"/>
  <testcase classname="tests.ProductTest" name="testNavigateToCartPage" time="2.183"/>
  <testcase classname="tests.ProductTest" name="testProductListingPage" time="2.037"/>
  <testcase classname="tests.CartTest" name="testCartPageDisplayed" time="4.204"/>
  <testcase classname="tests.CartTest" name="testContinueShoppingFromCart" time="4.381"/>
  <testcase classname="tests.CartTest" name="testProceedToCheckout" time="4.191"/>
  <testcase classname="tests.CheckoutTest" name="testCompleteCheckoutValidData" time="4.498"/>
  <testcase classname="tests.CheckoutTest" name="testOrderSummaryValidation" time="4.595"/>
  <testcase classname="tests.CheckoutTest" name="testOrderConfirmationPage" time="4.351"/>
  <testcase classname="tests.UITest" name="testLogoutFromBurgerMenu" time="0.822"/>
  <testcase classname="tests.UITest" name="testNavigateToAbout" time="6.193"/>
  <testcase classname="tests.UITest" name="testFooterLinksAndIcons" time="3.132"/>
  <testcase classname="tests.LogoutTest" name="testLogoutFunctionality" time="4.7"/>
</testsuite> <!-- Test -->
