<?xml version="1.0" encoding="UTF-8"?>
<!-- Generated by org.testng.reporters.JUnitXMLReporter -->
<testsuite ignored="0" hostname="LAPTOP-5T9CK8KA" failures="0" tests="18" name="Test" time="121.421" errors="0" timestamp="2025-09-09T15:53:33 IST">
  <testcase classname="tests.LoginTest" name="testValidLoginStandardUser" time="2.859"/>
  <testcase classname="tests.LoginTest" name="testLockedOutUser" time="4.725"/>
  <testcase classname="tests.LoginTest" name="testInvalidCredentials" time="4.704"/>
  <testcase classname="tests.LoginTest" name="testLogoutFunctionality" time="5.365"/>
  <testcase classname="tests.ProductTest" name="testAddProductToCart" time="2.148"/>
  <testcase classname="tests.ProductTest" name="testClickProductDetailsPage" time="2.219"/>
  <testcase classname="tests.ProductTest" name="testNavigateToCartPage" time="2.199"/>
  <testcase classname="tests.ProductTest" name="testProductListingPage" time="2.053"/>
  <testcase classname="tests.CartTest" name="testCartPageDisplayed" time="4.752"/>
  <testcase classname="tests.CartTest" name="testContinueShoppingFromCart" time="4.255"/>
  <testcase classname="tests.CartTest" name="testProceedToCheckout" time="4.17"/>
  <testcase classname="tests.CheckoutTest" name="testCompleteCheckoutValidData" time="4.388"/>
  <testcase classname="tests.CheckoutTest" name="testOrderSummaryValidation" time="4.489"/>
  <testcase classname="tests.CheckoutTest" name="testOrderConfirmationPage" time="4.284"/>
  <testcase classname="tests.UITest" name="testLogoutFromBurgerMenu" time="0.355"/>
  <testcase classname="tests.UITest" name="testNavigateToAbout" time="5.578"/>
  <testcase classname="tests.UITest" name="testFooterLinksAndIcons" time="3.119"/>
  <testcase classname="tests.LogoutTest" name="testLogoutFunctionality" time="4.741"/>
</testsuite> <!-- Test -->
