<?xml version="1.0" encoding="UTF-8"?>
<testng-results ignored="0" total="18" passed="18" failed="0" skipped="0">
  <reporter-output>
  </reporter-output>
  <suite started-at="2025-09-09T15:51:31 IST" name="Suite" finished-at="2025-09-09T15:53:32 IST" duration-ms="121421">
    <groups>
    </groups>
    <test started-at="2025-09-09T15:51:31 IST" name="Test" finished-at="2025-09-09T15:53:32 IST" duration-ms="121421">
      <class name="tests.LoginTest">
        <test-method is-config="true" signature="setUp()[pri:0, instance:tests.LoginTest@401f7633]" started-at="2025-09-09T15:51:31 IST" name="setUp" finished-at="2025-09-09T15:51:38 IST" duration-ms="6845" status="PASS">
          <reporter-output>
          </reporter-output>
        </test-method> <!-- setUp -->
        <test-method is-config="true" signature="setUpTest()[pri:0, instance:tests.LoginTest@401f7633]" started-at="2025-09-09T15:51:38 IST" name="setUpTest" finished-at="2025-09-09T15:51:39 IST" duration-ms="980" status="PASS">
          <reporter-output>
          </reporter-output>
        </test-method> <!-- setUpTest -->
        <test-method signature="testValidLoginStandardUser()[pri:1, instance:tests.LoginTest@401f7633]" started-at="2025-09-09T15:51:39 IST" name="testValidLoginStandardUser" finished-at="2025-09-09T15:51:42 IST" duration-ms="2859" status="PASS">
          <reporter-output>
          </reporter-output>
        </test-method> <!-- testValidLoginStandardUser -->
        <test-method is-config="true" signature="setUpTest()[pri:0, instance:tests.LoginTest@401f7633]" started-at="2025-09-09T15:51:42 IST" name="setUpTest" finished-at="2025-09-09T15:51:42 IST" duration-ms="203" status="PASS">
          <reporter-output>
          </reporter-output>
        </test-method> <!-- setUpTest -->
        <test-method signature="testLockedOutUser()[pri:2, instance:tests.LoginTest@401f7633]" started-at="2025-09-09T15:51:42 IST" name="testLockedOutUser" finished-at="2025-09-09T15:51:47 IST" duration-ms="4725" status="PASS">
          <reporter-output>
          </reporter-output>
        </test-method> <!-- testLockedOutUser -->
        <test-method is-config="true" signature="setUpTest()[pri:0, instance:tests.LoginTest@401f7633]" started-at="2025-09-09T15:51:47 IST" name="setUpTest" finished-at="2025-09-09T15:51:47 IST" duration-ms="86" status="PASS">
          <reporter-output>
          </reporter-output>
        </test-method> <!-- setUpTest -->
        <test-method signature="testInvalidCredentials()[pri:3, instance:tests.LoginTest@401f7633]" started-at="2025-09-09T15:51:47 IST" name="testInvalidCredentials" finished-at="2025-09-09T15:51:52 IST" duration-ms="4704" status="PASS">
          <reporter-output>
          </reporter-output>
        </test-method> <!-- testInvalidCredentials -->
        <test-method is-config="true" signature="setUpTest()[pri:0, instance:tests.LoginTest@401f7633]" started-at="2025-09-09T15:51:52 IST" name="setUpTest" finished-at="2025-09-09T15:51:52 IST" duration-ms="79" status="PASS">
          <reporter-output>
          </reporter-output>
        </test-method> <!-- setUpTest -->
        <test-method signature="testLogoutFunctionality()[pri:4, instance:tests.LoginTest@401f7633]" started-at="2025-09-09T15:51:52 IST" name="testLogoutFunctionality" finished-at="2025-09-09T15:51:57 IST" duration-ms="5365" status="PASS">
          <reporter-output>
          </reporter-output>
        </test-method> <!-- testLogoutFunctionality -->
        <test-method is-config="true" signature="tearDown()[pri:0, instance:tests.LoginTest@401f7633]" started-at="2025-09-09T15:51:57 IST" name="tearDown" finished-at="2025-09-09T15:51:58 IST" duration-ms="331" status="PASS">
          <reporter-output>
          </reporter-output>
        </test-method> <!-- tearDown -->
      </class> <!-- tests.LoginTest -->
      <class name="tests.UITest">
        <test-method is-config="true" signature="setUp()[pri:0, instance:tests.UITest@7a67e3c6]" started-at="2025-09-09T15:53:13 IST" name="setUp" finished-at="2025-09-09T15:53:14 IST" duration-ms="1612" status="PASS">
          <reporter-output>
          </reporter-output>
        </test-method> <!-- setUp -->
        <test-method is-config="true" signature="setUpTest()[pri:0, instance:tests.UITest@7a67e3c6]" started-at="2025-09-09T15:53:14 IST" name="setUpTest" finished-at="2025-09-09T15:53:15 IST" duration-ms="456" status="PASS">
          <reporter-output>
          </reporter-output>
        </test-method> <!-- setUpTest -->
        <test-method signature="testLogoutFromBurgerMenu()[pri:1, instance:tests.UITest@7a67e3c6]" started-at="2025-09-09T15:53:15 IST" name="testLogoutFromBurgerMenu" finished-at="2025-09-09T15:53:15 IST" duration-ms="355" status="PASS">
          <reporter-output>
          </reporter-output>
        </test-method> <!-- testLogoutFromBurgerMenu -->
        <test-method is-config="true" signature="setUpTest()[pri:0, instance:tests.UITest@7a67e3c6]" started-at="2025-09-09T15:53:15 IST" name="setUpTest" finished-at="2025-09-09T15:53:16 IST" duration-ms="533" status="PASS">
          <reporter-output>
          </reporter-output>
        </test-method> <!-- setUpTest -->
        <test-method signature="testNavigateToAbout()[pri:2, instance:tests.UITest@7a67e3c6]" started-at="2025-09-09T15:53:16 IST" name="testNavigateToAbout" finished-at="2025-09-09T15:53:21 IST" duration-ms="5578" status="PASS">
          <reporter-output>
          </reporter-output>
        </test-method> <!-- testNavigateToAbout -->
        <test-method is-config="true" signature="setUpTest()[pri:0, instance:tests.UITest@7a67e3c6]" started-at="2025-09-09T15:53:21 IST" name="setUpTest" finished-at="2025-09-09T15:53:22 IST" duration-ms="882" status="PASS">
          <reporter-output>
          </reporter-output>
        </test-method> <!-- setUpTest -->
        <test-method signature="testFooterLinksAndIcons()[pri:3, instance:tests.UITest@7a67e3c6]" started-at="2025-09-09T15:53:22 IST" name="testFooterLinksAndIcons" finished-at="2025-09-09T15:53:25 IST" duration-ms="3119" status="PASS">
          <reporter-output>
          </reporter-output>
        </test-method> <!-- testFooterLinksAndIcons -->
        <test-method is-config="true" signature="tearDown()[pri:0, instance:tests.UITest@7a67e3c6]" started-at="2025-09-09T15:53:25 IST" name="tearDown" finished-at="2025-09-09T15:53:26 IST" duration-ms="214" status="PASS">
          <reporter-output>
          </reporter-output>
        </test-method> <!-- tearDown -->
      </class> <!-- tests.UITest -->
      <class name="tests.CartTest">
        <test-method is-config="true" signature="setUp()[pri:0, instance:tests.CartTest@7b205dbd]" started-at="2025-09-09T15:52:20 IST" name="setUp" finished-at="2025-09-09T15:52:22 IST" duration-ms="2075" status="PASS">
          <reporter-output>
          </reporter-output>
        </test-method> <!-- setUp -->
        <test-method is-config="true" signature="setUpTest()[pri:0, instance:tests.CartTest@7b205dbd]" started-at="2025-09-09T15:52:22 IST" name="setUpTest" finished-at="2025-09-09T15:52:26 IST" duration-ms="4534" status="PASS">
          <reporter-output>
          </reporter-output>
        </test-method> <!-- setUpTest -->
        <test-method signature="testCartPageDisplayed()[pri:1, instance:tests.CartTest@7b205dbd]" started-at="2025-09-09T15:52:26 IST" name="testCartPageDisplayed" finished-at="2025-09-09T15:52:31 IST" duration-ms="4752" status="PASS">
          <reporter-output>
          </reporter-output>
        </test-method> <!-- testCartPageDisplayed -->
        <test-method is-config="true" signature="setUpTest()[pri:0, instance:tests.CartTest@7b205dbd]" started-at="2025-09-09T15:52:31 IST" name="setUpTest" finished-at="2025-09-09T15:52:36 IST" duration-ms="5062" status="PASS">
          <reporter-output>
          </reporter-output>
        </test-method> <!-- setUpTest -->
        <test-method signature="testContinueShoppingFromCart()[pri:2, instance:tests.CartTest@7b205dbd]" started-at="2025-09-09T15:52:36 IST" name="testContinueShoppingFromCart" finished-at="2025-09-09T15:52:41 IST" duration-ms="4255" status="PASS">
          <reporter-output>
          </reporter-output>
        </test-method> <!-- testContinueShoppingFromCart -->
        <test-method is-config="true" signature="setUpTest()[pri:0, instance:tests.CartTest@7b205dbd]" started-at="2025-09-09T15:52:41 IST" name="setUpTest" finished-at="2025-09-09T15:52:45 IST" duration-ms="4272" status="PASS">
          <reporter-output>
          </reporter-output>
        </test-method> <!-- setUpTest -->
        <test-method signature="testProceedToCheckout()[pri:3, instance:tests.CartTest@7b205dbd]" started-at="2025-09-09T15:52:45 IST" name="testProceedToCheckout" finished-at="2025-09-09T15:52:49 IST" duration-ms="4170" status="PASS">
          <reporter-output>
          </reporter-output>
        </test-method> <!-- testProceedToCheckout -->
        <test-method is-config="true" signature="tearDown()[pri:0, instance:tests.CartTest@7b205dbd]" started-at="2025-09-09T15:52:49 IST" name="tearDown" finished-at="2025-09-09T15:52:49 IST" duration-ms="207" status="PASS">
          <reporter-output>
          </reporter-output>
        </test-method> <!-- tearDown -->
      </class> <!-- tests.CartTest -->
      <class name="tests.ProductTest">
        <test-method is-config="true" signature="setUp()[pri:0, instance:tests.ProductTest@132e0cc]" started-at="2025-09-09T15:51:58 IST" name="setUp" finished-at="2025-09-09T15:52:00 IST" duration-ms="2781" status="PASS">
          <reporter-output>
          </reporter-output>
        </test-method> <!-- setUp -->
        <test-method is-config="true" signature="setUpTest()[pri:0, instance:tests.ProductTest@132e0cc]" started-at="2025-09-09T15:52:00 IST" name="setUpTest" finished-at="2025-09-09T15:52:03 IST" duration-ms="2892" status="PASS">
          <reporter-output>
          </reporter-output>
        </test-method> <!-- setUpTest -->
        <test-method signature="testAddProductToCart()[pri:0, instance:tests.ProductTest@132e0cc]" started-at="2025-09-09T15:52:03 IST" name="testAddProductToCart" finished-at="2025-09-09T15:52:05 IST" duration-ms="2148" status="PASS">
          <reporter-output>
          </reporter-output>
        </test-method> <!-- testAddProductToCart -->
        <test-method is-config="true" signature="setUpTest()[pri:0, instance:tests.ProductTest@132e0cc]" started-at="2025-09-09T15:52:05 IST" name="setUpTest" finished-at="2025-09-09T15:52:08 IST" duration-ms="2618" status="PASS">
          <reporter-output>
          </reporter-output>
        </test-method> <!-- setUpTest -->
        <test-method signature="testClickProductDetailsPage()[pri:0, instance:tests.ProductTest@132e0cc]" started-at="2025-09-09T15:52:08 IST" name="testClickProductDetailsPage" finished-at="2025-09-09T15:52:10 IST" duration-ms="2219" status="PASS">
          <reporter-output>
          </reporter-output>
        </test-method> <!-- testClickProductDetailsPage -->
        <test-method is-config="true" signature="setUpTest()[pri:0, instance:tests.ProductTest@132e0cc]" started-at="2025-09-09T15:52:10 IST" name="setUpTest" finished-at="2025-09-09T15:52:13 IST" duration-ms="2580" status="PASS">
          <reporter-output>
          </reporter-output>
        </test-method> <!-- setUpTest -->
        <test-method signature="testNavigateToCartPage()[pri:0, instance:tests.ProductTest@132e0cc]" started-at="2025-09-09T15:52:13 IST" name="testNavigateToCartPage" finished-at="2025-09-09T15:52:15 IST" duration-ms="2199" status="PASS">
          <reporter-output>
          </reporter-output>
        </test-method> <!-- testNavigateToCartPage -->
        <test-method is-config="true" signature="setUpTest()[pri:0, instance:tests.ProductTest@132e0cc]" started-at="2025-09-09T15:52:15 IST" name="setUpTest" finished-at="2025-09-09T15:52:18 IST" duration-ms="2544" status="PASS">
          <reporter-output>
          </reporter-output>
        </test-method> <!-- setUpTest -->
        <test-method signature="testProductListingPage()[pri:0, instance:tests.ProductTest@132e0cc]" started-at="2025-09-09T15:52:18 IST" name="testProductListingPage" finished-at="2025-09-09T15:52:20 IST" duration-ms="2053" status="PASS">
          <reporter-output>
          </reporter-output>
        </test-method> <!-- testProductListingPage -->
        <test-method is-config="true" signature="tearDown()[pri:0, instance:tests.ProductTest@132e0cc]" started-at="2025-09-09T15:52:20 IST" name="tearDown" finished-at="2025-09-09T15:52:20 IST" duration-ms="199" status="PASS">
          <reporter-output>
          </reporter-output>
        </test-method> <!-- tearDown -->
      </class> <!-- tests.ProductTest -->
      <class name="tests.CheckoutTest">
        <test-method is-config="true" signature="setUp()[pri:0, instance:tests.CheckoutTest@106cc338]" started-at="2025-09-09T15:52:49 IST" name="setUp" finished-at="2025-09-09T15:52:51 IST" duration-ms="2116" status="PASS">
          <reporter-output>
          </reporter-output>
        </test-method> <!-- setUp -->
        <test-method is-config="true" signature="setUpTest()[pri:0, instance:tests.CheckoutTest@106cc338]" started-at="2025-09-09T15:52:51 IST" name="setUpTest" finished-at="2025-09-09T15:52:54 IST" duration-ms="2883" status="PASS">
          <reporter-output>
          </reporter-output>
        </test-method> <!-- setUpTest -->
        <test-method signature="testCompleteCheckoutValidData()[pri:11, instance:tests.CheckoutTest@106cc338]" started-at="2025-09-09T15:52:54 IST" name="testCompleteCheckoutValidData" finished-at="2025-09-09T15:52:59 IST" duration-ms="4388" status="PASS">
          <reporter-output>
          </reporter-output>
        </test-method> <!-- testCompleteCheckoutValidData -->
        <test-method is-config="true" signature="setUpTest()[pri:0, instance:tests.CheckoutTest@106cc338]" started-at="2025-09-09T15:52:59 IST" name="setUpTest" finished-at="2025-09-09T15:53:01 IST" duration-ms="2484" status="PASS">
          <reporter-output>
          </reporter-output>
        </test-method> <!-- setUpTest -->
        <test-method signature="testOrderSummaryValidation()[pri:12, instance:tests.CheckoutTest@106cc338]" started-at="2025-09-09T15:53:01 IST" name="testOrderSummaryValidation" finished-at="2025-09-09T15:53:06 IST" duration-ms="4489" status="PASS">
          <reporter-output>
          </reporter-output>
        </test-method> <!-- testOrderSummaryValidation -->
        <test-method is-config="true" signature="setUpTest()[pri:0, instance:tests.CheckoutTest@106cc338]" started-at="2025-09-09T15:53:06 IST" name="setUpTest" finished-at="2025-09-09T15:53:08 IST" duration-ms="2751" status="PASS">
          <reporter-output>
          </reporter-output>
        </test-method> <!-- setUpTest -->
        <test-method signature="testOrderConfirmationPage()[pri:13, instance:tests.CheckoutTest@106cc338]" started-at="2025-09-09T15:53:08 IST" name="testOrderConfirmationPage" finished-at="2025-09-09T15:53:13 IST" duration-ms="4284" status="PASS">
          <reporter-output>
          </reporter-output>
        </test-method> <!-- testOrderConfirmationPage -->
        <test-method is-config="true" signature="tearDown()[pri:0, instance:tests.CheckoutTest@106cc338]" started-at="2025-09-09T15:53:13 IST" name="tearDown" finished-at="2025-09-09T15:53:13 IST" duration-ms="239" status="PASS">
          <reporter-output>
          </reporter-output>
        </test-method> <!-- tearDown -->
      </class> <!-- tests.CheckoutTest -->
      <class name="tests.LogoutTest">
        <test-method is-config="true" signature="setUp()[pri:0, instance:tests.LogoutTest@6cc558c6]" started-at="2025-09-09T15:53:26 IST" name="setUp" finished-at="2025-09-09T15:53:27 IST" duration-ms="1599" status="PASS">
          <reporter-output>
          </reporter-output>
        </test-method> <!-- setUp -->
        <test-method is-config="true" signature="setUpTest()[pri:0, instance:tests.LogoutTest@6cc558c6]" started-at="2025-09-09T15:53:27 IST" name="setUpTest" finished-at="2025-09-09T15:53:27 IST" duration-ms="110" status="PASS">
          <reporter-output>
          </reporter-output>
        </test-method> <!-- setUpTest -->
        <test-method signature="testLogoutFunctionality()[pri:1, instance:tests.LogoutTest@6cc558c6]" started-at="2025-09-09T15:53:27 IST" name="testLogoutFunctionality" finished-at="2025-09-09T15:53:32 IST" duration-ms="4741" status="PASS">
          <reporter-output>
          </reporter-output>
        </test-method> <!-- testLogoutFunctionality -->
        <test-method is-config="true" signature="tearDown()[pri:0, instance:tests.LogoutTest@6cc558c6]" started-at="2025-09-09T15:53:32 IST" name="tearDown" finished-at="2025-09-09T15:53:32 IST" duration-ms="191" status="PASS">
          <reporter-output>
          </reporter-output>
        </test-method> <!-- tearDown -->
      </class> <!-- tests.LogoutTest -->
    </test> <!-- Test -->
  </suite> <!-- Suite -->
</testng-results>
