<?xml version="1.0" encoding="UTF-8"?>
<testng-results ignored="0" total="18" passed="18" failed="0" skipped="0">
  <reporter-output>
  </reporter-output>
  <suite started-at="2025-09-09T15:18:35 IST" name="Suite" finished-at="2025-09-09T15:20:42 IST" duration-ms="126623">
    <groups>
    </groups>
    <test started-at="2025-09-09T15:18:35 IST" name="Test" finished-at="2025-09-09T15:20:42 IST" duration-ms="126623">
      <class name="tests.LoginTest">
        <test-method is-config="true" signature="setUp()[pri:0, instance:tests.LoginTest@401f7633]" started-at="2025-09-09T15:18:36 IST" name="setUp" finished-at="2025-09-09T15:18:43 IST" duration-ms="6435" status="PASS">
          <reporter-output>
          </reporter-output>
        </test-method> <!-- setUp -->
        <test-method is-config="true" signature="setUpTest()[pri:0, instance:tests.LoginTest@401f7633]" started-at="2025-09-09T15:18:43 IST" name="setUpTest" finished-at="2025-09-09T15:18:43 IST" duration-ms="199" status="PASS">
          <reporter-output>
          </reporter-output>
        </test-method> <!-- setUpTest -->
        <test-method signature="testValidLoginStandardUser()[pri:1, instance:tests.LoginTest@401f7633]" started-at="2025-09-09T15:18:43 IST" name="testValidLoginStandardUser" finished-at="2025-09-09T15:18:46 IST" duration-ms="3321" status="PASS">
          <reporter-output>
          </reporter-output>
        </test-method> <!-- testValidLoginStandardUser -->
        <test-method is-config="true" signature="setUpTest()[pri:0, instance:tests.LoginTest@401f7633]" started-at="2025-09-09T15:18:46 IST" name="setUpTest" finished-at="2025-09-09T15:18:46 IST" duration-ms="213" status="PASS">
          <reporter-output>
          </reporter-output>
        </test-method> <!-- setUpTest -->
        <test-method signature="testLockedOutUser()[pri:2, instance:tests.LoginTest@401f7633]" started-at="2025-09-09T15:18:46 IST" name="testLockedOutUser" finished-at="2025-09-09T15:18:51 IST" duration-ms="4945" status="PASS">
          <reporter-output>
          </reporter-output>
        </test-method> <!-- testLockedOutUser -->
        <test-method is-config="true" signature="setUpTest()[pri:0, instance:tests.LoginTest@401f7633]" started-at="2025-09-09T15:18:51 IST" name="setUpTest" finished-at="2025-09-09T15:18:51 IST" duration-ms="110" status="PASS">
          <reporter-output>
          </reporter-output>
        </test-method> <!-- setUpTest -->
        <test-method signature="testInvalidCredentials()[pri:3, instance:tests.LoginTest@401f7633]" started-at="2025-09-09T15:18:51 IST" name="testInvalidCredentials" finished-at="2025-09-09T15:18:56 IST" duration-ms="4959" status="PASS">
          <reporter-output>
          </reporter-output>
        </test-method> <!-- testInvalidCredentials -->
        <test-method is-config="true" signature="setUpTest()[pri:0, instance:tests.LoginTest@401f7633]" started-at="2025-09-09T15:18:56 IST" name="setUpTest" finished-at="2025-09-09T15:18:57 IST" duration-ms="122" status="PASS">
          <reporter-output>
          </reporter-output>
        </test-method> <!-- setUpTest -->
        <test-method signature="testLogoutFunctionality()[pri:4, instance:tests.LoginTest@401f7633]" started-at="2025-09-09T15:18:57 IST" name="testLogoutFunctionality" finished-at="2025-09-09T15:19:02 IST" duration-ms="5429" status="PASS">
          <reporter-output>
          </reporter-output>
        </test-method> <!-- testLogoutFunctionality -->
        <test-method is-config="true" signature="tearDown()[pri:0, instance:tests.LoginTest@401f7633]" started-at="2025-09-09T15:19:02 IST" name="tearDown" finished-at="2025-09-09T15:19:02 IST" duration-ms="262" status="PASS">
          <reporter-output>
          </reporter-output>
        </test-method> <!-- tearDown -->
      </class> <!-- tests.LoginTest -->
      <class name="tests.UITest">
        <test-method is-config="true" signature="setUp()[pri:0, instance:tests.UITest@7a67e3c6]" started-at="2025-09-09T15:20:18 IST" name="setUp" finished-at="2025-09-09T15:20:21 IST" duration-ms="2504" status="PASS">
          <reporter-output>
          </reporter-output>
        </test-method> <!-- setUp -->
        <test-method is-config="true" signature="setUpTest()[pri:0, instance:tests.UITest@7a67e3c6]" started-at="2025-09-09T15:20:21 IST" name="setUpTest" finished-at="2025-09-09T15:20:21 IST" duration-ms="607" status="PASS">
          <reporter-output>
          </reporter-output>
        </test-method> <!-- setUpTest -->
        <test-method signature="testLogoutFromBurgerMenu()[pri:1, instance:tests.UITest@7a67e3c6]" started-at="2025-09-09T15:20:21 IST" name="testLogoutFromBurgerMenu" finished-at="2025-09-09T15:20:22 IST" duration-ms="822" status="PASS">
          <reporter-output>
          </reporter-output>
        </test-method> <!-- testLogoutFromBurgerMenu -->
        <test-method is-config="true" signature="setUpTest()[pri:0, instance:tests.UITest@7a67e3c6]" started-at="2025-09-09T15:20:22 IST" name="setUpTest" finished-at="2025-09-09T15:20:23 IST" duration-ms="415" status="PASS">
          <reporter-output>
          </reporter-output>
        </test-method> <!-- setUpTest -->
        <test-method signature="testNavigateToAbout()[pri:2, instance:tests.UITest@7a67e3c6]" started-at="2025-09-09T15:20:23 IST" name="testNavigateToAbout" finished-at="2025-09-09T15:20:29 IST" duration-ms="6193" status="PASS">
          <reporter-output>
          </reporter-output>
        </test-method> <!-- testNavigateToAbout -->
        <test-method is-config="true" signature="setUpTest()[pri:0, instance:tests.UITest@7a67e3c6]" started-at="2025-09-09T15:20:29 IST" name="setUpTest" finished-at="2025-09-09T15:20:30 IST" duration-ms="1446" status="PASS">
          <reporter-output>
          </reporter-output>
        </test-method> <!-- setUpTest -->
        <test-method signature="testFooterLinksAndIcons()[pri:3, instance:tests.UITest@7a67e3c6]" started-at="2025-09-09T15:20:30 IST" name="testFooterLinksAndIcons" finished-at="2025-09-09T15:20:33 IST" duration-ms="3132" status="PASS">
          <reporter-output>
          </reporter-output>
        </test-method> <!-- testFooterLinksAndIcons -->
        <test-method is-config="true" signature="tearDown()[pri:0, instance:tests.UITest@7a67e3c6]" started-at="2025-09-09T15:20:33 IST" name="tearDown" finished-at="2025-09-09T15:20:34 IST" duration-ms="321" status="PASS">
          <reporter-output>
          </reporter-output>
        </test-method> <!-- tearDown -->
      </class> <!-- tests.UITest -->
      <class name="tests.CartTest">
        <test-method is-config="true" signature="setUp()[pri:0, instance:tests.CartTest@7b205dbd]" started-at="2025-09-09T15:19:24 IST" name="setUp" finished-at="2025-09-09T15:19:27 IST" duration-ms="2712" status="PASS">
          <reporter-output>
          </reporter-output>
        </test-method> <!-- setUp -->
        <test-method is-config="true" signature="setUpTest()[pri:0, instance:tests.CartTest@7b205dbd]" started-at="2025-09-09T15:19:27 IST" name="setUpTest" finished-at="2025-09-09T15:19:32 IST" duration-ms="4680" status="PASS">
          <reporter-output>
          </reporter-output>
        </test-method> <!-- setUpTest -->
        <test-method signature="testCartPageDisplayed()[pri:1, instance:tests.CartTest@7b205dbd]" started-at="2025-09-09T15:19:32 IST" name="testCartPageDisplayed" finished-at="2025-09-09T15:19:36 IST" duration-ms="4204" status="PASS">
          <reporter-output>
          </reporter-output>
        </test-method> <!-- testCartPageDisplayed -->
        <test-method is-config="true" signature="setUpTest()[pri:0, instance:tests.CartTest@7b205dbd]" started-at="2025-09-09T15:19:36 IST" name="setUpTest" finished-at="2025-09-09T15:19:40 IST" duration-ms="4467" status="PASS">
          <reporter-output>
          </reporter-output>
        </test-method> <!-- setUpTest -->
        <test-method signature="testContinueShoppingFromCart()[pri:2, instance:tests.CartTest@7b205dbd]" started-at="2025-09-09T15:19:40 IST" name="testContinueShoppingFromCart" finished-at="2025-09-09T15:19:45 IST" duration-ms="4381" status="PASS">
          <reporter-output>
          </reporter-output>
        </test-method> <!-- testContinueShoppingFromCart -->
        <test-method is-config="true" signature="setUpTest()[pri:0, instance:tests.CartTest@7b205dbd]" started-at="2025-09-09T15:19:45 IST" name="setUpTest" finished-at="2025-09-09T15:19:49 IST" duration-ms="4426" status="PASS">
          <reporter-output>
          </reporter-output>
        </test-method> <!-- setUpTest -->
        <test-method signature="testProceedToCheckout()[pri:3, instance:tests.CartTest@7b205dbd]" started-at="2025-09-09T15:19:49 IST" name="testProceedToCheckout" finished-at="2025-09-09T15:19:53 IST" duration-ms="4191" status="PASS">
          <reporter-output>
          </reporter-output>
        </test-method> <!-- testProceedToCheckout -->
        <test-method is-config="true" signature="tearDown()[pri:0, instance:tests.CartTest@7b205dbd]" started-at="2025-09-09T15:19:53 IST" name="tearDown" finished-at="2025-09-09T15:19:54 IST" duration-ms="217" status="PASS">
          <reporter-output>
          </reporter-output>
        </test-method> <!-- tearDown -->
      </class> <!-- tests.CartTest -->
      <class name="tests.ProductTest">
        <test-method is-config="true" signature="setUp()[pri:0, instance:tests.ProductTest@132e0cc]" started-at="2025-09-09T15:19:02 IST" name="setUp" finished-at="2025-09-09T15:19:05 IST" duration-ms="2543" status="PASS">
          <reporter-output>
          </reporter-output>
        </test-method> <!-- setUp -->
        <test-method is-config="true" signature="setUpTest()[pri:0, instance:tests.ProductTest@132e0cc]" started-at="2025-09-09T15:19:05 IST" name="setUpTest" finished-at="2025-09-09T15:19:07 IST" duration-ms="2617" status="PASS">
          <reporter-output>
          </reporter-output>
        </test-method> <!-- setUpTest -->
        <test-method signature="testAddProductToCart()[pri:0, instance:tests.ProductTest@132e0cc]" started-at="2025-09-09T15:19:07 IST" name="testAddProductToCart" finished-at="2025-09-09T15:19:09 IST" duration-ms="2122" status="PASS">
          <reporter-output>
          </reporter-output>
        </test-method> <!-- testAddProductToCart -->
        <test-method is-config="true" signature="setUpTest()[pri:0, instance:tests.ProductTest@132e0cc]" started-at="2025-09-09T15:19:09 IST" name="setUpTest" finished-at="2025-09-09T15:19:12 IST" duration-ms="2885" status="PASS">
          <reporter-output>
          </reporter-output>
        </test-method> <!-- setUpTest -->
        <test-method signature="testClickProductDetailsPage()[pri:0, instance:tests.ProductTest@132e0cc]" started-at="2025-09-09T15:19:12 IST" name="testClickProductDetailsPage" finished-at="2025-09-09T15:19:15 IST" duration-ms="2230" status="PASS">
          <reporter-output>
          </reporter-output>
        </test-method> <!-- testClickProductDetailsPage -->
        <test-method is-config="true" signature="setUpTest()[pri:0, instance:tests.ProductTest@132e0cc]" started-at="2025-09-09T15:19:15 IST" name="setUpTest" finished-at="2025-09-09T15:19:17 IST" duration-ms="2875" status="PASS">
          <reporter-output>
          </reporter-output>
        </test-method> <!-- setUpTest -->
        <test-method signature="testNavigateToCartPage()[pri:0, instance:tests.ProductTest@132e0cc]" started-at="2025-09-09T15:19:17 IST" name="testNavigateToCartPage" finished-at="2025-09-09T15:19:20 IST" duration-ms="2183" status="PASS">
          <reporter-output>
          </reporter-output>
        </test-method> <!-- testNavigateToCartPage -->
        <test-method is-config="true" signature="setUpTest()[pri:0, instance:tests.ProductTest@132e0cc]" started-at="2025-09-09T15:19:20 IST" name="setUpTest" finished-at="2025-09-09T15:19:22 IST" duration-ms="2397" status="PASS">
          <reporter-output>
          </reporter-output>
        </test-method> <!-- setUpTest -->
        <test-method signature="testProductListingPage()[pri:0, instance:tests.ProductTest@132e0cc]" started-at="2025-09-09T15:19:22 IST" name="testProductListingPage" finished-at="2025-09-09T15:19:24 IST" duration-ms="2037" status="PASS">
          <reporter-output>
          </reporter-output>
        </test-method> <!-- testProductListingPage -->
        <test-method is-config="true" signature="tearDown()[pri:0, instance:tests.ProductTest@132e0cc]" started-at="2025-09-09T15:19:24 IST" name="tearDown" finished-at="2025-09-09T15:19:24 IST" duration-ms="286" status="PASS">
          <reporter-output>
          </reporter-output>
        </test-method> <!-- tearDown -->
      </class> <!-- tests.ProductTest -->
      <class name="tests.CheckoutTest">
        <test-method is-config="true" signature="setUp()[pri:0, instance:tests.CheckoutTest@106cc338]" started-at="2025-09-09T15:19:54 IST" name="setUp" finished-at="2025-09-09T15:19:56 IST" duration-ms="2654" status="PASS">
          <reporter-output>
          </reporter-output>
        </test-method> <!-- setUp -->
        <test-method is-config="true" signature="setUpTest()[pri:0, instance:tests.CheckoutTest@106cc338]" started-at="2025-09-09T15:19:56 IST" name="setUpTest" finished-at="2025-09-09T15:19:59 IST" duration-ms="2975" status="PASS">
          <reporter-output>
          </reporter-output>
        </test-method> <!-- setUpTest -->
        <test-method signature="testCompleteCheckoutValidData()[pri:11, instance:tests.CheckoutTest@106cc338]" started-at="2025-09-09T15:19:59 IST" name="testCompleteCheckoutValidData" finished-at="2025-09-09T15:20:04 IST" duration-ms="4498" status="PASS">
          <reporter-output>
          </reporter-output>
        </test-method> <!-- testCompleteCheckoutValidData -->
        <test-method is-config="true" signature="setUpTest()[pri:0, instance:tests.CheckoutTest@106cc338]" started-at="2025-09-09T15:20:04 IST" name="setUpTest" finished-at="2025-09-09T15:20:06 IST" duration-ms="2672" status="PASS">
          <reporter-output>
          </reporter-output>
        </test-method> <!-- setUpTest -->
        <test-method signature="testOrderSummaryValidation()[pri:12, instance:tests.CheckoutTest@106cc338]" started-at="2025-09-09T15:20:06 IST" name="testOrderSummaryValidation" finished-at="2025-09-09T15:20:11 IST" duration-ms="4595" status="PASS">
          <reporter-output>
          </reporter-output>
        </test-method> <!-- testOrderSummaryValidation -->
        <test-method is-config="true" signature="setUpTest()[pri:0, instance:tests.CheckoutTest@106cc338]" started-at="2025-09-09T15:20:11 IST" name="setUpTest" finished-at="2025-09-09T15:20:14 IST" duration-ms="2695" status="PASS">
          <reporter-output>
          </reporter-output>
        </test-method> <!-- setUpTest -->
        <test-method signature="testOrderConfirmationPage()[pri:13, instance:tests.CheckoutTest@106cc338]" started-at="2025-09-09T15:20:14 IST" name="testOrderConfirmationPage" finished-at="2025-09-09T15:20:18 IST" duration-ms="4351" status="PASS">
          <reporter-output>
          </reporter-output>
        </test-method> <!-- testOrderConfirmationPage -->
        <test-method is-config="true" signature="tearDown()[pri:0, instance:tests.CheckoutTest@106cc338]" started-at="2025-09-09T15:20:18 IST" name="tearDown" finished-at="2025-09-09T15:20:18 IST" duration-ms="212" status="PASS">
          <reporter-output>
          </reporter-output>
        </test-method> <!-- tearDown -->
      </class> <!-- tests.CheckoutTest -->
      <class name="tests.LogoutTest">
        <test-method is-config="true" signature="setUp()[pri:0, instance:tests.LogoutTest@6cc558c6]" started-at="2025-09-09T15:20:34 IST" name="setUp" finished-at="2025-09-09T15:20:37 IST" duration-ms="3282" status="PASS">
          <reporter-output>
          </reporter-output>
        </test-method> <!-- setUp -->
        <test-method is-config="true" signature="setUpTest()[pri:0, instance:tests.LogoutTest@6cc558c6]" started-at="2025-09-09T15:20:37 IST" name="setUpTest" finished-at="2025-09-09T15:20:37 IST" duration-ms="66" status="PASS">
          <reporter-output>
          </reporter-output>
        </test-method> <!-- setUpTest -->
        <test-method signature="testLogoutFunctionality()[pri:1, instance:tests.LogoutTest@6cc558c6]" started-at="2025-09-09T15:20:37 IST" name="testLogoutFunctionality" finished-at="2025-09-09T15:20:42 IST" duration-ms="4700" status="PASS">
          <reporter-output>
          </reporter-output>
        </test-method> <!-- testLogoutFunctionality -->
        <test-method is-config="true" signature="tearDown()[pri:0, instance:tests.LogoutTest@6cc558c6]" started-at="2025-09-09T15:20:42 IST" name="tearDown" finished-at="2025-09-09T15:20:42 IST" duration-ms="254" status="PASS">
          <reporter-output>
          </reporter-output>
        </test-method> <!-- tearDown -->
      </class> <!-- tests.LogoutTest -->
    </test> <!-- Test -->
  </suite> <!-- Suite -->
</testng-results>
